33.67003367003367
iteration = 0, training error rate = 33.670%
W: [[-3.55064649  8.26567407  9.44975787 -3.48685688  0.17387769  0.07635675]]
pocketW: [[-3.55064649  8.26567407  9.44975787 -3.48685688  0.17387769  0.07635675]]
pocket_err_rate: 33.67003367003367
32.323232323232325
iteration = 1, training error rate = 32.323%
W: [[-3.55064649  9.86567407 10.9010773  -4.28685688 -0.62612231  0.07635675]]
pocketW: [[-3.55064649  9.86567407 10.9010773  -4.28685688 -0.62612231  0.07635675]]
pocket_err_rate: 32.323232323232325
31.986531986531986
iteration = 2, training error rate = 31.987%
W: [[-1.95064649  9.06567407 10.80436958 -3.48685688 -0.62612231  0.87635675]]
pocketW: [[-1.95064649  9.06567407 10.80436958 -3.48685688 -0.62612231  0.87635675]]
pocket_err_rate: 31.986531986531986
31.53759820426487
iteration = 3, training error rate = 31.538%
W: [[-2.75064649  9.06567407 11.94425398 -4.28685688 -0.62612231  0.07635675]]
pocketW: [[-2.75064649  9.06567407 11.94425398 -4.28685688 -0.62612231  0.07635675]]
pocket_err_rate: 31.53759820426487
31.874298540965206
iteration = 4, training error rate = 31.874%
W: [[-2.75064649  9.86567407 11.02834546 -3.48685688  0.97387769  0.87635675]]
pocketW: [[-2.75064649  9.06567407 11.94425398 -4.28685688 -0.62612231  0.07635675]]
pocket_err_rate: 31.53759820426487
32.323232323232325
iteration = 5, training error rate = 32.323%
W: [[-3.55064649  9.86567407 10.95506071 -4.28685688 -0.62612231  0.07635675]]
pocketW: [[-2.75064649  9.06567407 11.94425398 -4.28685688 -0.62612231  0.07635675]]
pocket_err_rate: 31.53759820426487
31.986531986531986
iteration = 6, training error rate = 31.987%
W: [[-2.75064649  9.86567407 10.80818964 -3.48685688 -0.62612231  0.87635675]]
pocketW: [[-2.75064649  9.06567407 11.94425398 -4.28685688 -0.62612231  0.07635675]]
pocket_err_rate: 31.53759820426487
32.54769921436588
iteration = 7, training error rate = 32.548%
W: [[-1.15064649  9.06567407 11.79044649 -3.48685688  0.17387769  1.67635675]]
pocketW: [[-2.75064649  9.06567407 11.94425398 -4.28685688 -0.62612231  0.07635675]]
pocket_err_rate: 31.53759820426487
31.64983164983165
iteration = 8, training error rate = 31.650%
W: [[-1.95064649  9.86567407  9.84161512 -4.28685688 -0.62612231  0.87635675]]
pocketW: [[-2.75064649  9.06567407 11.94425398 -4.28685688 -0.62612231  0.07635675]]
pocket_err_rate: 31.53759820426487
30.976430976430976
iteration = 9, training error rate = 30.976%
W: [[-2.75064649  9.06567407 10.69409062 -3.48685688 -1.42612231  0.87635675]]
pocketW: [[-2.75064649  9.06567407 10.69409062 -3.48685688 -1.42612231  0.87635675]]
pocket_err_rate: 30.976430976430976
32.54769921436588
iteration = 10, training error rate = 32.548%
W: [[-2.75064649  7.46567407 11.2047717  -4.28685688 -1.42612231  0.87635675]]
pocketW: [[-2.75064649  9.06567407 10.69409062 -3.48685688 -1.42612231  0.87635675]]
pocket_err_rate: 30.976430976430976
32.88439955106622
iteration = 11, training error rate = 32.884%
W: [[-2.75064649  9.06567407 10.25448268 -3.48685688  0.17387769  0.87635675]]
pocketW: [[-2.75064649  9.06567407 10.69409062 -3.48685688 -1.42612231  0.87635675]]
pocket_err_rate: 30.976430976430976
32.323232323232325
iteration = 12, training error rate = 32.323%
W: [[-3.55064649  8.26567407 11.15470887 -2.68685688  0.17387769  0.87635675]]
pocketW: [[-2.75064649  9.06567407 10.69409062 -3.48685688 -1.42612231  0.87635675]]
pocket_err_rate: 30.976430976430976
32.323232323232325
iteration = 13, training error rate = 32.323%
W: [[-1.95064649  8.26567407 10.52188655 -3.48685688 -0.62612231  0.87635675]]
pocketW: [[-2.75064649  9.06567407 10.69409062 -3.48685688 -1.42612231  0.87635675]]
pocket_err_rate: 30.976430976430976
32.88439955106622
iteration = 14, training error rate = 32.884%
W: [[-2.75064649  7.46567407 11.06694812 -4.28685688 -1.42612231  0.87635675]]
pocketW: [[-2.75064649  9.06567407 10.69409062 -3.48685688 -1.42612231  0.87635675]]
pocket_err_rate: 30.976430976430976
32.54769921436588
iteration = 15, training error rate = 32.548%
W: [[-2.75064649  8.26567407 11.38662643 -4.28685688 -0.62612231  0.87635675]]
pocketW: [[-2.75064649  9.06567407 10.69409062 -3.48685688 -1.42612231  0.87635675]]
pocket_err_rate: 30.976430976430976
32.54769921436588
iteration = 16, training error rate = 32.548%
W: [[-3.55064649  8.26567407 11.5957242  -2.68685688  0.17387769  0.87635675]]
pocketW: [[-2.75064649  9.06567407 10.69409062 -3.48685688 -1.42612231  0.87635675]]
pocket_err_rate: 30.976430976430976
33.108866442199776
iteration = 17, training error rate = 33.109%
W: [[-3.55064649  8.26567407 11.52917481 -3.48685688 -0.62612231  0.07635675]]
pocketW: [[-2.75064649  9.06567407 10.69409062 -3.48685688 -1.42612231  0.87635675]]
pocket_err_rate: 30.976430976430976
31.53759820426487
iteration = 18, training error rate = 31.538%
W: [[-2.75064649  8.26567407 11.04885312 -2.68685688  0.17387769  0.87635675]]
pocketW: [[-2.75064649  9.06567407 10.69409062 -3.48685688 -1.42612231  0.87635675]]
pocket_err_rate: 30.976430976430976
31.31313131313131
iteration = 19, training error rate = 31.313%
W: [[-2.75064649  8.26567407 12.38466614 -3.48685688  0.17387769  0.87635675]]
pocketW: [[-2.75064649  9.06567407 10.69409062 -3.48685688 -1.42612231  0.87635675]]
pocket_err_rate: 30.976430976430976
31.42536475869809
iteration = 20, training error rate = 31.425%
W: [[-2.75064649  9.06567407 11.78039371 -2.68685688  0.17387769  0.87635675]]
pocketW: [[-2.75064649  9.06567407 10.69409062 -3.48685688 -1.42612231  0.87635675]]
pocket_err_rate: 30.976430976430976
32.323232323232325
iteration = 21, training error rate = 32.323%
W: [[-1.95064649  9.86567407 11.30751108 -3.48685688 -0.62612231  0.07635675]]
pocketW: [[-2.75064649  9.06567407 10.69409062 -3.48685688 -1.42612231  0.87635675]]
pocket_err_rate: 30.976430976430976
31.76206509539843
iteration = 22, training error rate = 31.762%
W: [[-1.15064649  9.86567407 10.60602829 -3.48685688  0.97387769  0.87635675]]
pocketW: [[-2.75064649  9.06567407 10.69409062 -3.48685688 -1.42612231  0.87635675]]
pocket_err_rate: 30.976430976430976
32.77216610549944
iteration = 23, training error rate = 32.772%
W: [[-3.55064649  9.86567407 11.00361563 -5.08685688 -0.62612231  0.07635675]]
pocketW: [[-2.75064649  9.06567407 10.69409062 -3.48685688 -1.42612231  0.87635675]]
pocket_err_rate: 30.976430976430976
31.874298540965206
iteration = 24, training error rate = 31.874%
W: [[-2.75064649  7.46567407 11.15239673 -4.28685688 -1.42612231  0.87635675]]
pocketW: [[-2.75064649  9.06567407 10.69409062 -3.48685688 -1.42612231  0.87635675]]
pocket_err_rate: 30.976430976430976
32.54769921436588
iteration = 25, training error rate = 32.548%
W: [[-2.75064649  8.26567407 11.47207504 -4.28685688 -0.62612231  0.87635675]]
pocketW: [[-2.75064649  9.06567407 10.69409062 -3.48685688 -1.42612231  0.87635675]]
pocket_err_rate: 30.976430976430976
32.54769921436588
iteration = 26, training error rate = 32.548%
W: [[-3.55064649  8.26567407 11.6811728  -2.68685688  0.17387769  0.87635675]]
pocketW: [[-2.75064649  9.06567407 10.69409062 -3.48685688 -1.42612231  0.87635675]]
pocket_err_rate: 30.976430976430976
32.65993265993266
iteration = 27, training error rate = 32.660%
W: [[-2.75064649  9.06567407 11.70178099 -3.48685688 -0.62612231  0.07635675]]
pocketW: [[-2.75064649  9.06567407 10.69409062 -3.48685688 -1.42612231  0.87635675]]
pocket_err_rate: 30.976430976430976
31.76206509539843
iteration = 28, training error rate = 31.762%
W: [[-1.15064649  9.86567407 10.72887323 -3.48685688  0.97387769  0.87635675]]
pocketW: [[-2.75064649  9.06567407 10.69409062 -3.48685688 -1.42612231  0.87635675]]
pocket_err_rate: 30.976430976430976
32.65993265993266
iteration = 29, training error rate = 32.660%
W: [[-2.75064649  7.46567407 11.03015496 -4.28685688 -1.42612231  0.07635675]]
pocketW: [[-2.75064649  9.06567407 10.69409062 -3.48685688 -1.42612231  0.87635675]]
pocket_err_rate: 30.976430976430976
32.323232323232325
iteration = 30, training error rate = 32.323%
W: [[-3.55064649  8.26567407 11.17893606 -2.68685688  0.17387769  0.87635675]]
pocketW: [[-2.75064649  9.06567407 10.69409062 -3.48685688 -1.42612231  0.87635675]]
pocket_err_rate: 30.976430976430976
32.323232323232325
iteration = 31, training error rate = 32.323%
W: [[-1.95064649  8.26567407 10.52600819 -3.48685688 -0.62612231  0.87635675]]
pocketW: [[-2.75064649  9.06567407 10.69409062 -3.48685688 -1.42612231  0.87635675]]
pocket_err_rate: 30.976430976430976
32.88439955106622
iteration = 32, training error rate = 32.884%
W: [[-2.75064649  7.46567407 11.07106976 -4.28685688 -1.42612231  0.87635675]]
pocketW: [[-2.75064649  9.06567407 10.69409062 -3.48685688 -1.42612231  0.87635675]]
pocket_err_rate: 30.976430976430976
32.54769921436588
iteration = 33, training error rate = 32.548%
W: [[-2.75064649  8.26567407 11.39074807 -4.28685688 -0.62612231  0.87635675]]
pocketW: [[-2.75064649  9.06567407 10.69409062 -3.48685688 -1.42612231  0.87635675]]
pocket_err_rate: 30.976430976430976
32.54769921436588
iteration = 34, training error rate = 32.548%
W: [[-3.55064649  8.26567407 11.59984583 -2.68685688  0.17387769  0.87635675]]
pocketW: [[-2.75064649  9.06567407 10.69409062 -3.48685688 -1.42612231  0.87635675]]
pocket_err_rate: 30.976430976430976
33.108866442199776
iteration = 35, training error rate = 33.109%
W: [[-3.55064649  8.26567407 11.53329645 -3.48685688 -0.62612231  0.07635675]]
pocketW: [[-2.75064649  9.06567407 10.69409062 -3.48685688 -1.42612231  0.87635675]]
pocket_err_rate: 30.976430976430976
31.53759820426487
iteration = 36, training error rate = 31.538%
W: [[-2.75064649  8.26567407 11.05297476 -2.68685688  0.17387769  0.87635675]]
pocketW: [[-2.75064649  9.06567407 10.69409062 -3.48685688 -1.42612231  0.87635675]]
pocket_err_rate: 30.976430976430976
31.31313131313131
iteration = 37, training error rate = 31.313%
W: [[-2.75064649  8.26567407 12.38878778 -3.48685688  0.17387769  0.87635675]]
pocketW: [[-2.75064649  9.06567407 10.69409062 -3.48685688 -1.42612231  0.87635675]]
pocket_err_rate: 30.976430976430976
31.42536475869809
iteration = 38, training error rate = 31.425%
W: [[-2.75064649  9.06567407 11.78451535 -2.68685688  0.17387769  0.87635675]]
pocketW: [[-2.75064649  9.06567407 10.69409062 -3.48685688 -1.42612231  0.87635675]]
pocket_err_rate: 30.976430976430976
32.323232323232325
iteration = 39, training error rate = 32.323%
W: [[-1.95064649  9.86567407 11.31163272 -3.48685688 -0.62612231  0.07635675]]
pocketW: [[-2.75064649  9.06567407 10.69409062 -3.48685688 -1.42612231  0.87635675]]
pocket_err_rate: 30.976430976430976
31.76206509539843
iteration = 40, training error rate = 31.762%
W: [[-1.15064649  9.86567407 10.61014993 -3.48685688  0.97387769  0.87635675]]
pocketW: [[-2.75064649  9.06567407 10.69409062 -3.48685688 -1.42612231  0.87635675]]
pocket_err_rate: 30.976430976430976
32.77216610549944
iteration = 41, training error rate = 32.772%
W: [[-3.55064649  9.86567407 11.00773726 -5.08685688 -0.62612231  0.07635675]]
pocketW: [[-2.75064649  9.06567407 10.69409062 -3.48685688 -1.42612231  0.87635675]]
pocket_err_rate: 30.976430976430976
31.874298540965206
iteration = 42, training error rate = 31.874%
W: [[-2.75064649  7.46567407 11.15651837 -4.28685688 -1.42612231  0.87635675]]
pocketW: [[-2.75064649  9.06567407 10.69409062 -3.48685688 -1.42612231  0.87635675]]
pocket_err_rate: 30.976430976430976
32.54769921436588
iteration = 43, training error rate = 32.548%
W: [[-2.75064649  8.26567407 11.47619668 -4.28685688 -0.62612231  0.87635675]]
pocketW: [[-2.75064649  9.06567407 10.69409062 -3.48685688 -1.42612231  0.87635675]]
pocket_err_rate: 30.976430976430976
32.54769921436588
iteration = 44, training error rate = 32.548%
W: [[-3.55064649  8.26567407 11.68529444 -2.68685688  0.17387769  0.87635675]]
pocketW: [[-2.75064649  9.06567407 10.69409062 -3.48685688 -1.42612231  0.87635675]]
pocket_err_rate: 30.976430976430976
32.65993265993266
iteration = 45, training error rate = 32.660%
W: [[-2.75064649  9.06567407 11.70590263 -3.48685688 -0.62612231  0.07635675]]
pocketW: [[-2.75064649  9.06567407 10.69409062 -3.48685688 -1.42612231  0.87635675]]
pocket_err_rate: 30.976430976430976
32.65993265993266
iteration = 46, training error rate = 32.660%
W: [[-3.55064649  8.26567407 10.95164277 -2.68685688  0.97387769  0.87635675]]
pocketW: [[-2.75064649  9.06567407 10.69409062 -3.48685688 -1.42612231  0.87635675]]
pocket_err_rate: 30.976430976430976
31.200897867564535
iteration = 47, training error rate = 31.201%
W: [[-2.75064649  8.26567407 11.49338693 -3.48685688  0.17387769  0.87635675]]
pocketW: [[-2.75064649  9.06567407 10.69409062 -3.48685688 -1.42612231  0.87635675]]
pocket_err_rate: 30.976430976430976
33.108866442199776
iteration = 48, training error rate = 33.109%
W: [[-2.75064649  9.06567407 12.02839572 -3.48685688 -0.62612231  1.67635675]]
pocketW: [[-2.75064649  9.06567407 10.69409062 -3.48685688 -1.42612231  0.87635675]]
pocket_err_rate: 30.976430976430976
32.65993265993266
iteration = 49, training error rate = 32.660%
W: [[-2.75064649  7.46567407 11.05387951 -5.08685688 -1.42612231  0.87635675]]
pocketW: [[-2.75064649  9.06567407 10.69409062 -3.48685688 -1.42612231  0.87635675]]
pocket_err_rate: 30.976430976430976
32.210998877665546
iteration = 50, training error rate = 32.211%
W: [[-2.75064649  7.46567407 11.08624945 -5.08685688 -1.42612231  0.87635675]]
pocketW: [[-2.75064649  9.06567407 10.69409062 -3.48685688 -1.42612231  0.87635675]]
pocket_err_rate: 30.976430976430976
32.210998877665546
iteration = 51, training error rate = 32.211%
W: [[-2.75064649  7.46567407 11.1186194  -5.08685688 -1.42612231  0.87635675]]
pocketW: [[-2.75064649  9.06567407 10.69409062 -3.48685688 -1.42612231  0.87635675]]
pocket_err_rate: 30.976430976430976
32.098765432098766
iteration = 52, training error rate = 32.099%
W: [[-3.55064649  9.06567407 10.54360055 -5.08685688 -0.62612231  1.67635675]]
pocketW: [[-2.75064649  9.06567407 10.69409062 -3.48685688 -1.42612231  0.87635675]]
pocket_err_rate: 30.976430976430976
31.53759820426487
iteration = 53, training error rate = 31.538%
W: [[-2.75064649  9.06567407 10.6270386  -3.48685688 -1.42612231  0.87635675]]
pocketW: [[-2.75064649  9.06567407 10.69409062 -3.48685688 -1.42612231  0.87635675]]
pocket_err_rate: 30.976430976430976
32.54769921436588
iteration = 54, training error rate = 32.548%
W: [[-2.75064649  7.46567407 11.13771967 -4.28685688 -1.42612231  0.87635675]]
pocketW: [[-2.75064649  9.06567407 10.69409062 -3.48685688 -1.42612231  0.87635675]]
pocket_err_rate: 30.976430976430976
32.54769921436588
iteration = 55, training error rate = 32.548%
W: [[-2.75064649  8.26567407 11.45739798 -4.28685688 -0.62612231  0.87635675]]
pocketW: [[-2.75064649  9.06567407 10.69409062 -3.48685688 -1.42612231  0.87635675]]
pocket_err_rate: 30.976430976430976
32.54769921436588
iteration = 56, training error rate = 32.548%
W: [[-3.55064649  8.26567407 11.66649575 -2.68685688  0.17387769  0.87635675]]
pocketW: [[-2.75064649  9.06567407 10.69409062 -3.48685688 -1.42612231  0.87635675]]
pocket_err_rate: 30.976430976430976
32.65993265993266
iteration = 57, training error rate = 32.660%
W: [[-2.75064649  9.06567407 11.68710394 -3.48685688 -0.62612231  0.07635675]]
pocketW: [[-2.75064649  9.06567407 10.69409062 -3.48685688 -1.42612231  0.87635675]]
pocket_err_rate: 30.976430976430976
31.76206509539843
iteration = 58, training error rate = 31.762%
W: [[-1.15064649  9.86567407 10.71419617 -3.48685688  0.97387769  0.87635675]]
pocketW: [[-2.75064649  9.06567407 10.69409062 -3.48685688 -1.42612231  0.87635675]]
pocket_err_rate: 30.976430976430976
32.65993265993266
iteration = 59, training error rate = 32.660%
W: [[-2.75064649  7.46567407 11.0154779  -4.28685688 -1.42612231  0.07635675]]
pocketW: [[-2.75064649  9.06567407 10.69409062 -3.48685688 -1.42612231  0.87635675]]
pocket_err_rate: 30.976430976430976
32.323232323232325
iteration = 60, training error rate = 32.323%
W: [[-3.55064649  8.26567407 11.164259   -2.68685688  0.17387769  0.87635675]]
pocketW: [[-2.75064649  9.06567407 10.69409062 -3.48685688 -1.42612231  0.87635675]]
pocket_err_rate: 30.976430976430976
32.323232323232325
iteration = 61, training error rate = 32.323%
W: [[-1.95064649  8.26567407 10.53143669 -3.48685688 -0.62612231  0.87635675]]
pocketW: [[-2.75064649  9.06567407 10.69409062 -3.48685688 -1.42612231  0.87635675]]
pocket_err_rate: 30.976430976430976
32.88439955106622
iteration = 62, training error rate = 32.884%
W: [[-2.75064649  7.46567407 11.07649826 -4.28685688 -1.42612231  0.87635675]]
pocketW: [[-2.75064649  9.06567407 10.69409062 -3.48685688 -1.42612231  0.87635675]]
pocket_err_rate: 30.976430976430976
32.54769921436588
iteration = 63, training error rate = 32.548%
W: [[-2.75064649  8.26567407 11.39617657 -4.28685688 -0.62612231  0.87635675]]
pocketW: [[-2.75064649  9.06567407 10.69409062 -3.48685688 -1.42612231  0.87635675]]
pocket_err_rate: 30.976430976430976
32.54769921436588
iteration = 64, training error rate = 32.548%
W: [[-3.55064649  8.26567407 11.60527433 -2.68685688  0.17387769  0.87635675]]
pocketW: [[-2.75064649  9.06567407 10.69409062 -3.48685688 -1.42612231  0.87635675]]
pocket_err_rate: 30.976430976430976
33.108866442199776
iteration = 65, training error rate = 33.109%
W: [[-3.55064649  8.26567407 11.53872495 -3.48685688 -0.62612231  0.07635675]]
pocketW: [[-2.75064649  9.06567407 10.69409062 -3.48685688 -1.42612231  0.87635675]]
pocket_err_rate: 30.976430976430976
31.76206509539843
iteration = 66, training error rate = 31.762%
W: [[-2.75064649  8.26567407 11.18908936 -2.68685688  0.17387769  0.87635675]]
pocketW: [[-2.75064649  9.06567407 10.69409062 -3.48685688 -1.42612231  0.87635675]]
pocket_err_rate: 30.976430976430976
32.323232323232325
iteration = 67, training error rate = 32.323%
W: [[-2.75064649  9.86567407 11.38813435 -3.48685688 -0.62612231  0.87635675]]
pocketW: [[-2.75064649  9.06567407 10.69409062 -3.48685688 -1.42612231  0.87635675]]
pocket_err_rate: 30.976430976430976
32.323232323232325
iteration = 68, training error rate = 32.323%
W: [[-3.55064649  8.26567407 11.72037863 -2.68685688  0.17387769  0.87635675]]
pocketW: [[-2.75064649  9.06567407 10.69409062 -3.48685688 -1.42612231  0.87635675]]
pocket_err_rate: 30.976430976430976
32.65993265993266
iteration = 69, training error rate = 32.660%
W: [[-2.75064649  9.06567407 11.74098682 -3.48685688 -0.62612231  0.07635675]]
pocketW: [[-2.75064649  9.06567407 10.69409062 -3.48685688 -1.42612231  0.87635675]]
pocket_err_rate: 30.976430976430976
32.996632996633
iteration = 70, training error rate = 32.997%
W: [[-2.75064649  9.86567407 11.2891145  -4.28685688  0.17387769  0.07635675]]
pocketW: [[-2.75064649  9.06567407 10.69409062 -3.48685688 -1.42612231  0.87635675]]
pocket_err_rate: 30.976430976430976
31.986531986531986
iteration = 71, training error rate = 31.987%
W: [[-2.75064649  8.26567407 11.52002678 -4.28685688 -0.62612231  1.67635675]]
pocketW: [[-2.75064649  9.06567407 10.69409062 -3.48685688 -1.42612231  0.87635675]]
pocket_err_rate: 30.976430976430976
32.77216610549944
iteration = 72, training error rate = 32.772%
W: [[-2.75064649  7.46567407 11.09419115 -5.88685688 -1.42612231  1.67635675]]
pocketW: [[-2.75064649  9.06567407 10.69409062 -3.48685688 -1.42612231  0.87635675]]
pocket_err_rate: 30.976430976430976
31.76206509539843
iteration = 73, training error rate = 31.762%
W: [[-2.75064649  9.06567407 10.7914015  -5.08685688  0.17387769  1.67635675]]
pocketW: [[-2.75064649  9.06567407 10.69409062 -3.48685688 -1.42612231  0.87635675]]
pocket_err_rate: 30.976430976430976
32.65993265993266
iteration = 74, training error rate = 32.660%
W: [[-3.55064649  8.26567407 11.38330902 -4.28685688 -1.42612231  0.87635675]]
pocketW: [[-2.75064649  9.06567407 10.69409062 -3.48685688 -1.42612231  0.87635675]]
pocket_err_rate: 30.976430976430976
32.323232323232325
iteration = 75, training error rate = 32.323%
W: [[-2.75064649  8.26567407 11.43658874 -4.28685688 -0.62612231  0.87635675]]
pocketW: [[-2.75064649  9.06567407 10.69409062 -3.48685688 -1.42612231  0.87635675]]
pocket_err_rate: 30.976430976430976
32.54769921436588
iteration = 76, training error rate = 32.548%
W: [[-3.55064649  8.26567407 11.6456865  -2.68685688  0.17387769  0.87635675]]
pocketW: [[-2.75064649  9.06567407 10.69409062 -3.48685688 -1.42612231  0.87635675]]
pocket_err_rate: 30.976430976430976
32.65993265993266
iteration = 77, training error rate = 32.660%
W: [[-2.75064649  9.06567407 11.66629469 -3.48685688 -0.62612231  0.07635675]]
pocketW: [[-2.75064649  9.06567407 10.69409062 -3.48685688 -1.42612231  0.87635675]]
pocket_err_rate: 30.976430976430976
31.76206509539843
iteration = 78, training error rate = 31.762%
W: [[-1.15064649  9.86567407 10.69338693 -3.48685688  0.97387769  0.87635675]]
pocketW: [[-2.75064649  9.06567407 10.69409062 -3.48685688 -1.42612231  0.87635675]]
pocket_err_rate: 30.976430976430976
32.54769921436588
iteration = 79, training error rate = 32.548%
W: [[-2.75064649  8.26567407 11.50816451 -3.48685688 -0.62612231  0.87635675]]
pocketW: [[-2.75064649  9.06567407 10.69409062 -3.48685688 -1.42612231  0.87635675]]
pocket_err_rate: 30.976430976430976
32.77216610549944
iteration = 80, training error rate = 32.772%
W: [[-2.75064649  7.46567407 11.08232887 -5.08685688 -1.42612231  0.87635675]]
pocketW: [[-2.75064649  9.06567407 10.69409062 -3.48685688 -1.42612231  0.87635675]]
pocket_err_rate: 30.976430976430976
32.210998877665546
iteration = 81, training error rate = 32.211%
W: [[-2.75064649  7.46567407 11.11469881 -5.08685688 -1.42612231  0.87635675]]
pocketW: [[-2.75064649  9.06567407 10.69409062 -3.48685688 -1.42612231  0.87635675]]
pocket_err_rate: 30.976430976430976
32.098765432098766
iteration = 82, training error rate = 32.099%
W: [[-3.55064649  9.06567407 10.53967996 -5.08685688 -0.62612231  1.67635675]]
pocketW: [[-2.75064649  9.06567407 10.69409062 -3.48685688 -1.42612231  0.87635675]]
pocket_err_rate: 30.976430976430976
31.53759820426487
iteration = 83, training error rate = 31.538%
W: [[-2.75064649  9.06567407 10.62311801 -3.48685688 -1.42612231  0.87635675]]
pocketW: [[-2.75064649  9.06567407 10.69409062 -3.48685688 -1.42612231  0.87635675]]
pocket_err_rate: 30.976430976430976
32.54769921436588
iteration = 84, training error rate = 32.548%
W: [[-2.75064649  7.46567407 11.13379909 -4.28685688 -1.42612231  0.87635675]]
pocketW: [[-2.75064649  9.06567407 10.69409062 -3.48685688 -1.42612231  0.87635675]]
pocket_err_rate: 30.976430976430976
32.54769921436588
iteration = 85, training error rate = 32.548%
W: [[-2.75064649  8.26567407 11.4534774  -4.28685688 -0.62612231  0.87635675]]
pocketW: [[-2.75064649  9.06567407 10.69409062 -3.48685688 -1.42612231  0.87635675]]
pocket_err_rate: 30.976430976430976
32.54769921436588
iteration = 86, training error rate = 32.548%
W: [[-3.55064649  8.26567407 11.66257516 -2.68685688  0.17387769  0.87635675]]
pocketW: [[-2.75064649  9.06567407 10.69409062 -3.48685688 -1.42612231  0.87635675]]
pocket_err_rate: 30.976430976430976
32.65993265993266
iteration = 87, training error rate = 32.660%
W: [[-2.75064649  9.06567407 11.68318336 -3.48685688 -0.62612231  0.07635675]]
pocketW: [[-2.75064649  9.06567407 10.69409062 -3.48685688 -1.42612231  0.87635675]]
pocket_err_rate: 30.976430976430976
31.76206509539843
iteration = 88, training error rate = 31.762%
W: [[-1.15064649  9.86567407 10.71027559 -3.48685688  0.97387769  0.87635675]]
pocketW: [[-2.75064649  9.06567407 10.69409062 -3.48685688 -1.42612231  0.87635675]]
pocket_err_rate: 30.976430976430976
32.54769921436588
iteration = 89, training error rate = 32.548%
W: [[-2.75064649  8.26567407 11.52505317 -3.48685688 -0.62612231  0.87635675]]
pocketW: [[-2.75064649  9.06567407 10.69409062 -3.48685688 -1.42612231  0.87635675]]
pocket_err_rate: 30.976430976430976
32.77216610549944
iteration = 90, training error rate = 32.772%
W: [[-2.75064649  7.46567407 11.09921754 -5.08685688 -1.42612231  0.87635675]]
pocketW: [[-2.75064649  9.06567407 10.69409062 -3.48685688 -1.42612231  0.87635675]]
pocket_err_rate: 30.976430976430976
32.210998877665546
iteration = 91, training error rate = 32.211%
W: [[-2.75064649  7.46567407 11.13158748 -5.08685688 -1.42612231  0.87635675]]
pocketW: [[-2.75064649  9.06567407 10.69409062 -3.48685688 -1.42612231  0.87635675]]
pocket_err_rate: 30.976430976430976
32.098765432098766
iteration = 92, training error rate = 32.099%
W: [[-3.55064649  9.06567407 10.55656863 -5.08685688 -0.62612231  1.67635675]]
pocketW: [[-2.75064649  9.06567407 10.69409062 -3.48685688 -1.42612231  0.87635675]]
pocket_err_rate: 30.976430976430976
32.54769921436588
iteration = 93, training error rate = 32.548%
W: [[-3.55064649  8.26567407 11.36541507 -4.28685688 -1.42612231  0.87635675]]
pocketW: [[-2.75064649  9.06567407 10.69409062 -3.48685688 -1.42612231  0.87635675]]
pocket_err_rate: 30.976430976430976
32.323232323232325
iteration = 94, training error rate = 32.323%
W: [[-2.75064649  8.26567407 11.41869479 -4.28685688 -0.62612231  0.87635675]]
pocketW: [[-2.75064649  9.06567407 10.69409062 -3.48685688 -1.42612231  0.87635675]]
pocket_err_rate: 30.976430976430976
32.54769921436588
iteration = 95, training error rate = 32.548%
W: [[-3.55064649  8.26567407 11.62779256 -2.68685688  0.17387769  0.87635675]]
pocketW: [[-2.75064649  9.06567407 10.69409062 -3.48685688 -1.42612231  0.87635675]]
pocket_err_rate: 30.976430976430976
33.108866442199776
iteration = 96, training error rate = 33.109%
W: [[-3.55064649  8.26567407 11.56124317 -3.48685688 -0.62612231  0.07635675]]
pocketW: [[-2.75064649  9.06567407 10.69409062 -3.48685688 -1.42612231  0.87635675]]
pocket_err_rate: 30.976430976430976
31.76206509539843
iteration = 97, training error rate = 31.762%
W: [[-2.75064649  8.26567407 11.21160758 -2.68685688  0.17387769  0.87635675]]
pocketW: [[-2.75064649  9.06567407 10.69409062 -3.48685688 -1.42612231  0.87635675]]
pocket_err_rate: 30.976430976430976
32.323232323232325
iteration = 98, training error rate = 32.323%
W: [[-2.75064649  9.86567407 11.41065257 -3.48685688 -0.62612231  0.87635675]]
pocketW: [[-2.75064649  9.06567407 10.69409062 -3.48685688 -1.42612231  0.87635675]]
pocket_err_rate: 30.976430976430976
32.323232323232325
iteration = 99, training error rate = 32.323%
W: [[-3.55064649  8.26567407 11.74289685 -2.68685688  0.17387769  0.87635675]]
pocketW: [[-2.75064649  9.06567407 10.69409062 -3.48685688 -1.42612231  0.87635675]]
pocket_err_rate: 30.976430976430976
